<?xml version="1.0" encoding="UTF-8"?>
<testsuite xmlns:xsi="http://www.w3.org/2001/XMLSchema-instance" xsi:noNamespaceSchemaLocation="https://maven.apache.org/surefire/maven-surefire-plugin/xsd/surefire-test-report-3.0.xsd" version="3.0" name="aed.ABBTests" time="0.283" tests="18" errors="0" skipped="0" failures="0">
  <properties>
    <property name="java.specification.version" value="24"/>
    <property name="sun.cpu.isalist" value="amd64"/>
    <property name="sun.jnu.encoding" value="Cp1252"/>
    <property name="java.class.path" value="C:\Users\Salo\OneDrive\Documentos\GitHub\Algo\Algoritmos-y-Estructura-de-datos-II\Talleres\Taller 4 - Conjunto sobre ABB\target\test-classes;C:\Users\Salo\OneDrive\Documentos\GitHub\Algo\Algoritmos-y-Estructura-de-datos-II\Talleres\Taller 4 - Conjunto sobre ABB\target\classes;C:\Users\Salo\.m2\repository\org\junit\jupiter\junit-jupiter-engine\5.9.2\junit-jupiter-engine-5.9.2.jar;C:\Users\Salo\.m2\repository\org\junit\platform\junit-platform-engine\1.9.2\junit-platform-engine-1.9.2.jar;C:\Users\Salo\.m2\repository\org\opentest4j\opentest4j\1.2.0\opentest4j-1.2.0.jar;C:\Users\Salo\.m2\repository\org\junit\platform\junit-platform-commons\1.9.2\junit-platform-commons-1.9.2.jar;C:\Users\Salo\.m2\repository\org\junit\jupiter\junit-jupiter-api\5.9.2\junit-jupiter-api-5.9.2.jar;C:\Users\Salo\.m2\repository\org\apiguardian\apiguardian-api\1.1.2\apiguardian-api-1.1.2.jar;"/>
    <property name="java.vm.vendor" value="Oracle Corporation"/>
    <property name="sun.arch.data.model" value="64"/>
    <property name="user.variant" value=""/>
    <property name="java.vendor.url" value="https://java.oracle.com/"/>
    <property name="user.timezone" value="America/Buenos_Aires"/>
    <property name="os.name" value="Windows 11"/>
    <property name="java.vm.specification.version" value="24"/>
    <property name="user.country" value="ES"/>
    <property name="sun.java.launcher" value="SUN_STANDARD"/>
    <property name="sun.boot.library.path" value="C:\Program Files\Java\jdk-24\bin"/>
    <property name="sun.java.command" value="C:\Users\Salo\AppData\Local\Temp\surefire13933688170228003875\surefirebooter-20250517125559496_3.jar C:\Users\Salo\AppData\Local\Temp\surefire13933688170228003875 2025-05-17T12-55-59_310-jvmRun1 surefire-20250517125559496_1tmp surefire_0-20250517125559496_2tmp"/>
    <property name="jdk.debug" value="release"/>
    <property name="test" value="aed.ABBTests"/>
    <property name="surefire.test.class.path" value="C:\Users\Salo\OneDrive\Documentos\GitHub\Algo\Algoritmos-y-Estructura-de-datos-II\Talleres\Taller 4 - Conjunto sobre ABB\target\test-classes;C:\Users\Salo\OneDrive\Documentos\GitHub\Algo\Algoritmos-y-Estructura-de-datos-II\Talleres\Taller 4 - Conjunto sobre ABB\target\classes;C:\Users\Salo\.m2\repository\org\junit\jupiter\junit-jupiter-engine\5.9.2\junit-jupiter-engine-5.9.2.jar;C:\Users\Salo\.m2\repository\org\junit\platform\junit-platform-engine\1.9.2\junit-platform-engine-1.9.2.jar;C:\Users\Salo\.m2\repository\org\opentest4j\opentest4j\1.2.0\opentest4j-1.2.0.jar;C:\Users\Salo\.m2\repository\org\junit\platform\junit-platform-commons\1.9.2\junit-platform-commons-1.9.2.jar;C:\Users\Salo\.m2\repository\org\junit\jupiter\junit-jupiter-api\5.9.2\junit-jupiter-api-5.9.2.jar;C:\Users\Salo\.m2\repository\org\apiguardian\apiguardian-api\1.1.2\apiguardian-api-1.1.2.jar;"/>
    <property name="sun.cpu.endian" value="little"/>
    <property name="user.home" value="C:\Users\Salo"/>
    <property name="user.language" value="es"/>
    <property name="java.specification.vendor" value="Oracle Corporation"/>
    <property name="java.version.date" value="2025-03-18"/>
    <property name="java.home" value="C:\Program Files\Java\jdk-24"/>
    <property name="file.separator" value="\"/>
    <property name="basedir" value="C:\Users\Salo\OneDrive\Documentos\GitHub\Algo\Algoritmos-y-Estructura-de-datos-II\Talleres\Taller 4 - Conjunto sobre ABB"/>
    <property name="java.vm.compressedOopsMode" value="32-bit"/>
    <property name="line.separator" value="&#10;"/>
    <property name="java.vm.specification.vendor" value="Oracle Corporation"/>
    <property name="java.specification.name" value="Java Platform API Specification"/>
    <property name="surefire.real.class.path" value="C:\Users\Salo\AppData\Local\Temp\surefire13933688170228003875\surefirebooter-20250517125559496_3.jar"/>
    <property name="user.script" value=""/>
    <property name="sun.management.compiler" value="HotSpot 64-Bit Tiered Compilers"/>
    <property name="java.runtime.version" value="24+36-3646"/>
    <property name="user.name" value="Salo"/>
    <property name="stdout.encoding" value="Cp1252"/>
    <property name="path.separator" value=";"/>
    <property name="os.version" value="10.0"/>
    <property name="java.runtime.name" value="Java(TM) SE Runtime Environment"/>
    <property name="file.encoding" value="UTF-8"/>
    <property name="java.vm.name" value="Java HotSpot(TM) 64-Bit Server VM"/>
    <property name="maven.ext.class.path" value="C:\Users\Salo\.vscode-insiders\extensions\oracle.oracle-java-24.0.0\nbcode\java\maven-nblib\netbeans-eventspy.jar"/>
    <property name="localRepository" value="C:\Users\Salo\.m2\repository"/>
    <property name="java.vendor.url.bug" value="https://bugreport.java.com/bugreport/"/>
    <property name="java.io.tmpdir" value="C:\Users\Salo\AppData\Local\Temp\"/>
    <property name="java.version" value="24"/>
    <property name="user.dir" value="C:\Users\Salo\OneDrive\Documentos\GitHub\Algo\Algoritmos-y-Estructura-de-datos-II\Talleres\Taller 4 - Conjunto sobre ABB"/>
    <property name="os.arch" value="amd64"/>
    <property name="java.vm.specification.name" value="Java Virtual Machine Specification"/>
    <property name="sun.os.patch.level" value=""/>
    <property name="native.encoding" value="Cp1252"/>
    <property name="java.library.path" value="C:\Program Files\Java\jdk-24\bin;C:\WINDOWS\Sun\Java\bin;C:\WINDOWS\system32;C:\WINDOWS;C:\Program Files\Common Files\Oracle\Java\javapath;C:\Python38\Scripts\;C:\Python38\;C:\WINDOWS\system32;C:\WINDOWS;C:\WINDOWS\System32\Wbem;C:\WINDOWS\System32\WindowsPowerShell\v1.0\;C:\WINDOWS\System32\OpenSSH\;C:\ProgramData\chocolatey\bin;C:\Program Files\Microsoft VS Code Insiders\bin;C:\Program Files\Git\cmd;C:\Program Files\Apache\Maven\bin;C:\Strawberry\c\bin;C:\Strawberry\perl\site\bin;C:\Strawberry\perl\bin;C:\Users\Salo\scoop\shims;C:\Program Files\Common Files\Oracle\Java\javapath;C:\Python38\Scripts\;C:\Python38\;C:\WINDOWS\system32;C:\WINDOWS;C:\WINDOWS\System32\Wbem;C:\WINDOWS\System32\WindowsPowerShell\v1.0\;C:\WINDOWS\System32\OpenSSH\;C:\ProgramData\chocolatey\bin;C:\Program Files\Microsoft VS Code Insiders\bin;C:\Program Files\Git\cmd;C:\Program Files\Apache\Maven\bin;C:\Strawberry\c\bin;C:\Strawberry\perl\site\bin;C:\Strawberry\perl\bin;C:\Program Files\Java\jdk-24&quot;\bin;C:\Users\Salo\AppData\Local\Programs\MiKTeX\miktex\bin\x64\;C:\Users\Salo\AppData\Local\GitHubDesktop\bin;."/>
    <property name="java.vm.info" value="mixed mode, sharing"/>
    <property name="stderr.encoding" value="Cp1252"/>
    <property name="java.vendor" value="Oracle Corporation"/>
    <property name="java.vm.version" value="24+36-3646"/>
    <property name="sun.io.unicode.encoding" value="UnicodeLittle"/>
    <property name="java.class.version" value="68.0"/>
  </properties>
  <testcase name="eliminar_raiz_con_hijo_izquierdo" classname="aed.ABBTests" time="0.117"/>
  <testcase name="conjunto_vacio_toString" classname="aed.ABBTests" time="0.008"/>
  <testcase name="eliminar_elemento_con_un_descendiente" classname="aed.ABBTests" time="0.005"/>
  <testcase name="eliminar_elemento_con_dos_descendientes" classname="aed.ABBTests" time="0.001"/>
  <testcase name="eliminar_elemento_con_doble_descendencia" classname="aed.ABBTests" time="0.002"/>
  <testcase name="stress" classname="aed.ABBTests" time="0.016"/>
  <testcase name="eliminar_raiz_cons_dos_hijos" classname="aed.ABBTests" time="0.001"/>
  <testcase name="eliminar_raiz_con_derecho" classname="aed.ABBTests" time="0.002"/>
  <testcase name="insertar_izquierda" classname="aed.ABBTests" time="0.001"/>
  <testcase name="insertar_derecha" classname="aed.ABBTests" time="0.001"/>
  <testcase name="nuevo_conjunto_vacio" classname="aed.ABBTests" time="0.002"/>
  <testcase name="siguiente_inorder" classname="aed.ABBTests" time="0.004"/>
  <testcase name="eliminar_elemento_con_sucesor_arriba" classname="aed.ABBTests" time="0.002"/>
  <testcase name="insertar_elemento_repetido" classname="aed.ABBTests" time="0.001"/>
  <testcase name="insertar_cinco_nombres" classname="aed.ABBTests" time="0.002"/>
  <testcase name="insertar_un_elemento" classname="aed.ABBTests" time="0.001"/>
  <testcase name="conjunto_de_un_elemento_toString" classname="aed.ABBTests" time="0.003"/>
  <testcase name="conjunto_de_muchos_numeros_toString" classname="aed.ABBTests" time="0.002"/>
</testsuite>